This is LuaTeX, Version 1.0.4 (TeX Live 2017/Debian)  (format=lualatex 2019.5.11)  31 MAY 2019 00:39
 restricted system commands enabled.
**latex.tex
(./latex.tex
LaTeX2e <2017-04-15>
Lua module: luaotfload-main 2017/01/29 2.80001 OpenType layout system.
Lua module: lualibs 2017-02-01 2.5 ConTeXt Lua standard libraries.
Lua module: lualibs-extended 2017-02-01 2.5 ConTeXt Lua libraries -- extended co
llection.(using write cache: /home/fernando/.texlive2017/texmf-var/luatex-cache/
generic)(using read cache: /var/lib/texmf/luatex-cache/generic /home/fernando/.t
exlive2017/texmf-var/luatex-cache/generic)
luaotfload | conf : Root cache directory is /home/fernando/.texlive2017/texmf-va
r/luatex-cache/generic/names.
luaotfload | init : Loading fontloader “fontloader-2017-02-11.lua” from kpse
-resolved path “/usr/share/texlive/texmf-dist/tex/luatex/luaotfload/fontloader
-2017-02-11.lua”.
Lua-only attribute luaotfload@state = 1
Lua-only attribute luaotfload@noligature = 2
Lua-only attribute luaotfload@syllabe = 3
luaotfload | init : Context OpenType loader version “3.027”
Inserting `luaotfload.node_processor' at position 1 in `pre_linebreak_filter'.
Inserting `luaotfload.node_processor' at position 1 in `hpack_filter'.
Inserting `luaotfload.define_font' at position 1 in `define_font'.
Lua-only attribute luaotfload_color_attribute = 4
luaotfload | conf : Root cache directory is /home/fernando/.texlive2017/texmf-va
r/luatex-cache/generic/names.
Inserting `luaotfload.aux.set_sscale_dimens' at position 1 in `luaotfload.patch_
font'.
Inserting `luaotfload.aux.patch_cambria_domh' at position 2 in `luaotfload.patch
_font'.
Inserting `luaotfload.aux.fixup_fontdata' at position 1 in `luaotfload.patch_fon
t_unsafe'.
Inserting `luaotfload.aux.set_capheight' at position 3 in `luaotfload.patch_font
'.
Inserting `luaotfload.rewrite_fontname' at position 4 in `luaotfload.patch_font'
.
luaotfload | main : initialization completed in 0.079 seconds
Babel <3.18> and hyphenation patterns for 1 language(s) loaded.
(/usr/share/texlive/texmf-dist/tex/latex/amscls/amsart.cls
Document Class: amsart 2017/10/31 v2.20.4
\linespacing=\dimen102
\normalparindent=\dimen103
\normaltopskip=\skip41
luaotfload | db : Font names database loaded from /home/fernando/.texlive2017/te
xmf-var/luatex-cache/generic/names/luaotfload-names.luc(load luc: /home/fernando
/.texlive2017/texmf-var/luatex-cache/generic/fonts/otl/lmroman10-regular.luc)
(/usr/share/texlive/texmf-dist/tex/latex/amsmath/amsmath.sty
Package: amsmath 2017/09/02 v2.17a AMS math features
\@mathmargin=\skip42

For additional information on amsmath, use the `?' option.
(/usr/share/texlive/texmf-dist/tex/latex/amsmath/amstext.sty
Package: amstext 2000/06/29 v2.01 AMS text

(/usr/share/texlive/texmf-dist/tex/latex/amsmath/amsgen.sty
File: amsgen.sty 1999/11/30 v2.0 generic functions
\@emptytoks=\toks14
\ex@=\dimen104
))
(/usr/share/texlive/texmf-dist/tex/latex/amsmath/amsbsy.sty
Package: amsbsy 1999/11/29 v1.2d Bold Symbols
\pmbraise@=\dimen105
)
(/usr/share/texlive/texmf-dist/tex/latex/amsmath/amsopn.sty
Package: amsopn 2016/03/08 v2.02 operator names
)
\inf@bad=\count79
LaTeX Info: Redefining \frac on input line 213.
\uproot@=\count80
\leftroot@=\count81
LaTeX Info: Redefining \overline on input line 375.
\classnum@=\count82
\DOTSCASE@=\count83
LaTeX Info: Redefining \ldots on input line 472.
LaTeX Info: Redefining \dots on input line 475.
LaTeX Info: Redefining \cdots on input line 596.
\Mathstrutbox@=\box26
\strutbox@=\box27
\big@size=\dimen106
LaTeX Font Info:    Redeclaring font encoding OML on input line 712.
LaTeX Font Info:    Redeclaring font encoding OMS on input line 713.
\macc@depth=\count84
\c@MaxMatrixCols=\count85
\dotsspace@=\muskip10
\c@parentequation=\count86
\dspbrk@lvl=\count87
\tag@help=\toks15
\row@=\count88
\column@=\count89
\maxfields@=\count90
\andhelp@=\toks16
\eqnshift@=\dimen107
\alignsep@=\dimen108
\tagshift@=\dimen109
\tagwidth@=\dimen110
\totwidth@=\dimen111
\lineht@=\dimen112
\@envbody=\toks17
\multlinegap=\skip43
\multlinetaggap=\skip44
\mathdisplay@stack=\toks18
LaTeX Info: Redefining \[ on input line 2817.
LaTeX Info: Redefining \] on input line 2818.
)
LaTeX Font Info:    Try loading font information for U+msa on input line 398.

(/usr/share/texlive/texmf-dist/tex/latex/amsfonts/umsa.fd
File: umsa.fd 2013/01/14 v3.01 AMS symbols A
)
(/usr/share/texlive/texmf-dist/tex/latex/amsfonts/amsfonts.sty
Package: amsfonts 2013/01/14 v3.01 Basic AMSFonts support
\symAMSa=\mathgroup4
\symAMSb=\mathgroup5
LaTeX Font Info:    Overwriting math alphabet `\mathfrak' in version `bold'
(Font)                  U/euf/m/n --> U/euf/b/n on input line 106.
)
\copyins=\insert199
\abstractbox=\box28
\listisep=\skip45
\c@part=\count91
\c@section=\count92
\c@subsection=\count93
\c@subsubsection=\count94
\c@paragraph=\count95
\c@subparagraph=\count96
\c@figure=\count97
\c@table=\count98
\abovecaptionskip=\skip46
\belowcaptionskip=\skip47
\captionindent=\dimen113
\thm@style=\toks19
\thm@bodyfont=\toks20
\thm@headfont=\toks21
\thm@notefont=\toks22
\thm@headpunct=\toks23
\thm@preskip=\skip48
\thm@postskip=\skip49
\thm@headsep=\skip50
\dth@everypar=\toks24
)
(/usr/share/texlive/texmf-dist/tex/latex/hyperref/hyperref.sty
Package: hyperref 2018/02/06 v6.86b Hypertext links for LaTeX

(/usr/share/texlive/texmf-dist/tex/generic/oberdiek/hobsub-hyperref.sty
Package: hobsub-hyperref 2016/05/16 v1.14 Bundle oberdiek, subset hyperref (HO)

(/usr/share/texlive/texmf-dist/tex/generic/oberdiek/hobsub-generic.sty
Package: hobsub-generic 2016/05/16 v1.14 Bundle oberdiek, subset generic (HO)
Package: hobsub 2016/05/16 v1.14 Construct package bundles (HO)
Package: infwarerr 2016/05/16 v1.4 Providing info/warning/error messages (HO)
Package: ltxcmds 2016/05/16 v1.23 LaTeX kernel commands for general use (HO)
Package: ifluatex 2016/05/16 v1.4 Provides the ifluatex switch (HO)
Package ifluatex Info: LuaTeX detected.
Package: ifvtex 2016/05/16 v1.6 Detect VTeX and its facilities (HO)
Package ifvtex Info: VTeX not detected.
Package: intcalc 2016/05/16 v1.2 Expandable calculations with integers (HO)
Package: ifpdf 2017/03/15 v3.2 Provides the ifpdf switch
Package: etexcmds 2016/05/16 v1.6 Avoid name clashes with e-TeX commands (HO)
Package: kvsetkeys 2016/05/16 v1.17 Key value parser (HO)
Package: kvdefinekeys 2016/05/16 v1.4 Define keys (HO)
Package: luatex-loader 2016/05/16 v0.6 Lua module loader (HO)

(/usr/share/texlive/texmf-dist/scripts/oberdiek/oberdiek.luatex.lua)
Package: pdftexcmds 2018/01/21 v0.26 Utility functions of pdfTeX for LuaTeX (HO)

Package pdftexcmds Info: \pdf@primitive is available.
Package pdftexcmds Info: \pdf@ifprimitive is available.
Package pdftexcmds Info: \pdfdraftmode found.
\pdftexcmds@toks=\toks25
Package: pdfescape 2016/05/16 v1.14 Implements pdfTeX's escape features (HO)
Package: bigintcalc 2016/05/16 v1.4 Expandable calculations on big integers (HO)

Package: bitset 2016/05/16 v1.2 Handle bit-vector datatype (HO)
Package: uniquecounter 2016/05/16 v1.3 Provide unlimited unique counter (HO)
)
Package hobsub Info: Skipping package `hobsub' (already loaded).
Package: letltxmacro 2016/05/16 v1.5 Let assignment for LaTeX macros (HO)
Package: hopatch 2016/05/16 v1.3 Wrapper for package hooks (HO)
Package: xcolor-patch 2016/05/16 xcolor patch
Package: atveryend 2016/05/16 v1.9 Hooks at the very end of document (HO)
Package atveryend Info: \enddocument detected (standard20110627).
Package: atbegshi 2016/06/09 v1.18 At begin shipout hook (HO)
Package: refcount 2016/05/16 v3.5 Data extraction from label references (HO)
Package: hycolor 2016/05/16 v1.8 Color options for hyperref/bookmark (HO)
)
(/usr/share/texlive/texmf-dist/tex/latex/graphics/keyval.sty
Package: keyval 2014/10/28 v1.15 key=value parser (DPC)
\KV@toks@=\toks26
)
(/usr/share/texlive/texmf-dist/tex/generic/ifxetex/ifxetex.sty
Package: ifxetex 2010/09/12 v0.6 Provides ifxetex conditional
)
(/usr/share/texlive/texmf-dist/tex/latex/oberdiek/auxhook.sty
Package: auxhook 2016/05/16 v1.4 Hooks for auxiliary files (HO)
)
(/usr/share/texlive/texmf-dist/tex/latex/oberdiek/kvoptions.sty
Package: kvoptions 2016/05/16 v3.12 Key value format for package options (HO)
)
\@linkdim=\dimen114
\Hy@linkcounter=\count99
\Hy@pagecounter=\count100

(/usr/share/texlive/texmf-dist/tex/latex/hyperref/pd1enc.def
File: pd1enc.def 2018/02/06 v6.86b Hyperref: PDFDocEncoding definition (HO)
)
\Hy@SavedSpaceFactor=\count101

(/usr/share/texlive/texmf-dist/tex/latex/latexconfig/hyperref.cfg
File: hyperref.cfg 2002/06/06 v1.2 hyperref configuration of TeXLive
)
Package hyperref Info: Option `draft' set `true' on input line 4383.
Package hyperref Info: Hyper figures OFF on input line 4509.
Package hyperref Info: Link nesting OFF on input line 4514.
Package hyperref Info: Hyper index ON on input line 4517.
Package hyperref Info: Plain pages OFF on input line 4524.
Package hyperref Info: Backreferencing OFF on input line 4529.
Package hyperref Info: Implicit mode ON; LaTeX internals redefined.
Package hyperref Info: Bookmarks ON on input line 4762.
\c@Hy@tempcnt=\count102

(/usr/share/texlive/texmf-dist/tex/latex/url/url.sty
\Urlmuskip=\muskip11
Package: url 2013/09/16  ver 3.4  Verb mode for urls, etc.
)
LaTeX Info: Redefining \url on input line 5115.
\XeTeXLinkMargin=\dimen115
\Fld@menulength=\count103
\Field@Width=\dimen116
\Fld@charsize=\dimen117
Package hyperref Info: Hyper figures OFF on input line 6369.
Package hyperref Info: Link nesting OFF on input line 6374.
Package hyperref Info: Hyper index ON on input line 6377.
Package hyperref Info: backreferencing OFF on input line 6384.
Package hyperref Info: Link coloring OFF on input line 6389.
Package hyperref Info: Link coloring with OCG OFF on input line 6394.
Package hyperref Info: PDF/A mode OFF on input line 6399.
LaTeX Info: Redefining \ref on input line 6439.
LaTeX Info: Redefining \pageref on input line 6443.
\Hy@abspage=\count104
\c@Item=\count105
\c@Hfootnote=\count106
)
Package hyperref Info: Driver (autodetected): hluatex.

(/usr/share/texlive/texmf-dist/tex/latex/hyperref/hluatex.def
File: hluatex.def 2018/02/06 v6.86b Hyperref driver for luaTeX
\Fld@listcount=\count107
\c@bookmark@seq@number=\count108

(/usr/share/texlive/texmf-dist/tex/latex/oberdiek/rerunfilecheck.sty
Package: rerunfilecheck 2016/05/16 v1.8 Rerun checks for auxiliary files (HO)
Package uniquecounter Info: New unique counter `rerunfilecheck' on input line 28
2.
)
\Hy@SectionHShift=\skip51
)
(/usr/share/texlive/texmf-dist/tex/latex/amsfonts/amssymb.sty
Package: amssymb 2013/01/14 v3.01 AMS font symbols
)
(/usr/share/texlive/texmf-dist/tex/latex/graphics/graphicx.sty
Package: graphicx 2017/06/01 v1.1a Enhanced LaTeX Graphics (DPC,SPQR)

(/usr/share/texlive/texmf-dist/tex/latex/graphics/graphics.sty
Package: graphics 2017/06/25 v1.2c Standard LaTeX Graphics (DPC,SPQR)

(/usr/share/texlive/texmf-dist/tex/latex/graphics/trig.sty
Package: trig 2016/01/03 v1.10 sin cos tan (DPC)
)
(/usr/share/texlive/texmf-dist/tex/latex/graphics-cfg/graphics.cfg
File: graphics.cfg 2016/06/04 v1.11 sample graphics configuration
)
Package graphics Info: Driver file: luatex.def on input line 99.

(/usr/share/texlive/texmf-dist/tex/latex/graphics-def/luatex.def
File: luatex.def 2018/01/08 v1.0l Graphics/color driver for luatex
))
\Gin@req@height=\dimen118
\Gin@req@width=\dimen119
)
(/usr/share/texlive/texmf-dist/tex/generic/babel/babel.sty
Package: babel 2018/02/14 3.18 The Babel package

(/usr/share/texlive/texmf-dist/tex/generic/babel/switch.def
File: switch.def 2018/02/14 3.18 Babel switching mechanism
)
(/usr/share/texlive/texmf-dist/tex/generic/babel/luababel.def
\l@dumylang=\language2
Package babel Info: Non-standard hyphenation setup on input line 113.
\l@nohyphenation=\language3
\l@catalan=\language4
\l@galician=\language5
\l@spanish=\language6
)
(/usr/share/texlive/texmf-dist/tex/generic/babel-spanish/spanish.ldf
Language: spanish.ldf 2016/03/03 v5.0p Spanish support from the babel system

(/usr/share/texlive/texmf-dist/tex/generic/babel/babel.def
File: babel.def 2018/02/14 3.18 Babel common definitions
\babel@savecnt=\count109
\U@D=\dimen120

(/usr/share/texlive/texmf-dist/tex/generic/babel/luababel.def))
\es@quottoks=\toks27
\es@quotdepth=\count110
Package babel Info: Making " an active character on input line 561.
Package babel Info: Making . an active character on input line 662.
Package babel Info: Making < an active character on input line 707.
Package babel Info: Making > an active character on input line 707.

(/usr/share/texlive/texmf-dist/tex/generic/hyph-utf8/loadhyph/loadhyph-es.tex
UTF-8 Spanish hyphenation patterns
(/usr/share/texlive/texmf-dist/tex/generic/hyph-utf8/patterns/tex/hyph-es.tex)))
) (/usr/share/texlive/texmf-dist/tex/latex/float/float.sty
Package: float 2001/11/08 v1.3d Float enhancements (AL)
\c@float@type=\count111
\float@exts=\toks28
\float@box=\box29
\@float@everytoks=\toks29
\@floatcapt=\box30
)
(./static/docs/latex.aux
LaTeX Info: Redefining \. on input line 23.
LaTeX Info: Redefining \% on input line 23.


LaTeX Warning: Label `definiciuxf3n' multiply defined.


LaTeX Warning: Label `homomorfismos' multiply defined.


LaTeX Warning: Label `cocientes' multiply defined.

)
\openout1 = static/docs/latex.aux

LaTeX Font Info:    Checking defaults for OML/cmm/m/it on input line 57.
LaTeX Font Info:    ... okay on input line 57.
LaTeX Font Info:    Checking defaults for T1/cmr/m/n on input line 57.
LaTeX Font Info:    ... okay on input line 57.
LaTeX Font Info:    Checking defaults for OT1/cmr/m/n on input line 57.
LaTeX Font Info:    ... okay on input line 57.
LaTeX Font Info:    Checking defaults for OMS/cmsy/m/n on input line 57.
LaTeX Font Info:    ... okay on input line 57.
LaTeX Font Info:    Checking defaults for TU/lmr/m/n on input line 57.
LaTeX Font Info:    ... okay on input line 57.
LaTeX Font Info:    Checking defaults for OMX/cmex/m/n on input line 57.
LaTeX Font Info:    ... okay on input line 57.
LaTeX Font Info:    Checking defaults for U/cmr/m/n on input line 57.
LaTeX Font Info:    ... okay on input line 57.
LaTeX Font Info:    Checking defaults for PD1/pdf/m/n on input line 57.
LaTeX Font Info:    ... okay on input line 57.
(load luc: /home/fernando/.texlive2017/texmf-var/luatex-cache/generic/fonts/otl/
lmroman8-regular.luc)
LaTeX Font Info:    Try loading font information for U+msa on input line 57.

(/usr/share/texlive/texmf-dist/tex/latex/amsfonts/umsa.fd
File: umsa.fd 2013/01/14 v3.01 AMS symbols A
)
LaTeX Font Info:    Try loading font information for U+msb on input line 57.

(/usr/share/texlive/texmf-dist/tex/latex/amsfonts/umsb.fd
File: umsb.fd 2013/01/14 v3.01 AMS symbols B
)(load luc: /home/fernando/.texlive2017/texmf-var/luatex-cache/generic/fonts/otl
/lmroman10-italic.luc)
\AtBeginShipoutBox=\box31


Package hyperref Warning: Draft mode on.

Package hyperref Info: Link coloring OFF on input line 57.
(/usr/share/texlive/texmf-dist/tex/latex/hyperref/nameref.sty
Package: nameref 2016/05/21 v2.44 Cross-referencing by name of section

(/usr/share/texlive/texmf-dist/tex/generic/oberdiek/gettitlestring.sty
Package: gettitlestring 2016/05/16 v1.5 Cleanup title references (HO)
)
\c@section@level=\count112
)
LaTeX Info: Redefining \ref on input line 57.
LaTeX Info: Redefining \pageref on input line 57.
LaTeX Info: Redefining \nameref on input line 57.

(/usr/share/texlive/texmf-dist/tex/context/base/mkii/supp-pdf.mkii
[Loading MPS to PDF converter (version 2006.09.02).]
\scratchcounter=\count113
\scratchdimen=\dimen121
\scratchbox=\box32
\nofMPsegments=\count114
\nofMParguments=\count115
\everyMPshowfont=\toks30
\MPscratchCnt=\count116
\MPscratchDim=\dimen122
\MPnumerator=\count117
\makeMPintoPDFobject=\count118
\everyMPtoPDFconversion=\toks31
) (/usr/share/texlive/texmf-dist/tex/latex/oberdiek/epstopdf-base.sty
Package: epstopdf-base 2016/05/15 v2.6 Base part for package epstopdf

(/usr/share/texlive/texmf-dist/tex/latex/oberdiek/grfext.sty
Package: grfext 2016/05/16 v1.2 Manage graphics extensions (HO)
)
Package epstopdf-base Info: Redefining graphics rule for `.eps' on input line 43
8.
Package grfext Info: Graphics extension search list:
(grfext)             [.pdf,.png,.jpg,.mps,.jpeg,.jbig2,.jb2,.PDF,.PNG,.JPG,.JPEG
,.JBIG2,.JB2,.eps]
(grfext)             \AppendGraphicsExtensions on input line 456.

(/usr/share/texlive/texmf-dist/tex/latex/latexconfig/epstopdf-sys.cfg
File: epstopdf-sys.cfg 2010/07/13 v1.3 Configuration of (r)epstopdf for TeX Live

))
LaTeX Info: Redefining \. on input line 57.
LaTeX Info: Redefining \% on input line 57.
(load luc: /home/fernando/.texlive2017/texmf-var/luatex-cache/generic/fonts/otl/
lmromancaps10-regular.luc)(load luc: /home/fernando/.texlive2017/texmf-var/luate
x-cache/generic/fonts/otl/lmmono8-regular.luc)(load luc: /home/fernando/.texlive
2017/texmf-var/luatex-cache/generic/fonts/otl/lmroman10-bold.luc)
(./static/docs/latex.toc
LaTeX Info: Redefining \. on input line 1.
LaTeX Info: Redefining \% on input line 1.
(load luc: /home/fernando/.texlive2017/texmf-var/luatex-cache/generic/fonts/otl/
lmroman7-regular.luc) [1{/var/lib/texmf/fonts/map/pdftex/updmap/pdftex.map}])
\tf@toc=\write3

\openout3 = static/docs/latex.toc
 (./hugotopdf/outputs/rings/_index.tex
LaTeX Info: Redefining \. on input line 56.
LaTeX Info: Redefining \% on input line 56.
 [2])
(./hugotopdf/outputs/rings/definitions.tex
LaTeX Info: Redefining \. on input line 40.
LaTeX Info: Redefining \% on input line 40.
 [3]
LaTeX Info: Redefining \. on input line 96.
LaTeX Info: Redefining \% on input line 96.
 [4]
<static/images/symmetric_difference.png, id=30, 502.87875pt x 86.30243pt>
File: static/images/symmetric_difference.png Graphic file (type png)
<use static/images/symmetric_difference.png>
Package luatex.def Info: static/images/symmetric_difference.png  used on input l
ine 136.
(luatex.def)             Requested size: 180.0pt x 30.89107pt.
LaTeX Info: Redefining \. on input line 173.
LaTeX Info: Redefining \% on input line 173.
 [5<./static/images/symmetric_difference.png>]
LaTeX Info: Redefining \. on input line 237.
LaTeX Info: Redefining \% on input line 237.
 [6]
LaTeX Info: Redefining \. on input line 317.
LaTeX Info: Redefining \% on input line 317.
 [7]
Overfull \hbox (36.69992pt too wide) in paragraph at lines 333--337
[]\TU/lmr/m/n/10 Vea-mos que $\OML/cmm/m/it/10 n \OMS/cmsy/m/n/10   \OT1/cmr/m/
n/10 1 \OMS/cmsy/m/n/10 ) \OML/cmm/m/it/10 n$\TU/lmr/m/n/10 . Su-po-nien-do que
 hay un úni-co ho-mo-mor-fis-mo $\OML/cmm/m/it/10 h [] [] R\OT1/cmr/m/n/10 [\O
ML/cmm/m/it/10 x[]; [] ; x[]\OT1/cmr/m/n/10 ] \OMS/cmsy/m/n/10 !
 []

(load luc: /home/fernando/.texlive2017/texmf-var/luatex-cache/generic/fonts/otl/
lmroman10-bolditalic.luc)
LaTeX Info: Redefining \. on input line 389.
LaTeX Info: Redefining \% on input line 389.
 [8]
LaTeX Info: Redefining \. on input line 468.
LaTeX Info: Redefining \% on input line 468.
 [9]
LaTeX Info: Redefining \. on input line 541.
LaTeX Info: Redefining \% on input line 541.
 [10]
<static/images/isomorfianillos.png, id=52, 69.25874pt x 53.17868pt>
File: static/images/isomorfianillos.png Graphic file (type png)
<use static/images/isomorfianillos.png>
Package luatex.def Info: static/images/isomorfianillos.png  used on input line 5
96.
(luatex.def)             Requested size: 180.0pt x 138.22559pt.
LaTeX Info: Redefining \. on input line 598.
LaTeX Info: Redefining \% on input line 598.
 [11]
LaTeX Info: Redefining \. on input line 650.
LaTeX Info: Redefining \% on input line 650.
 [12<./static/images/isomorfianillos.png>](load luc: /home/fernando/.texlive2017
/texmf-var/luatex-cache/generic/fonts/otl/lmroman7-italic.luc)
LaTeX Info: Redefining \. on input line 743.
LaTeX Info: Redefining \% on input line 743.
 [13]
LaTeX Info: Redefining \. on input line 813.
LaTeX Info: Redefining \% on input line 813.
 [14]
LaTeX Info: Redefining \. on input line 874.
LaTeX Info: Redefining \% on input line 874.
 [15]
LaTeX Info: Redefining \. on input line 935.
LaTeX Info: Redefining \% on input line 935.
 [16]
<static/images/fractionfield.png, id=74, 77.26868pt x 49.20383pt>
File: static/images/fractionfield.png Graphic file (type png)
<use static/images/fractionfield.png>
Package luatex.def Info: static/images/fractionfield.png  used on input line 964
.
(luatex.def)             Requested size: 180.0pt x 114.62595pt.
LaTeX Info: Redefining \. on input line 980.
LaTeX Info: Redefining \% on input line 980.
 [17<./static/images/fractionfield.png>]
LaTeX Info: Redefining \. on input line 1062.
LaTeX Info: Redefining \% on input line 1062.
 [18](load luc: /home/fernando/.texlive2017/texmf-var/luatex-cache/generic/fonts
/otl/lmroman5-regular.luc))
(./hugotopdf/outputs/rings/factorization.tex
LaTeX Info: Redefining \. on input line 11.
LaTeX Info: Redefining \% on input line 11.
 [19]
LaTeX Info: Redefining \. on input line 88.
LaTeX Info: Redefining \% on input line 88.
 [20]
LaTeX Info: Redefining \. on input line 152.
LaTeX Info: Redefining \% on input line 152.
 [21]
LaTeX Info: Redefining \. on input line 216.
LaTeX Info: Redefining \% on input line 216.
 [22]
LaTeX Info: Redefining \. on input line 280.
LaTeX Info: Redefining \% on input line 280.
 [23]
LaTeX Info: Redefining \. on input line 356.
LaTeX Info: Redefining \% on input line 356.
 [24]
LaTeX Info: Redefining \. on input line 418.
LaTeX Info: Redefining \% on input line 418.

[25]
Missing character: There is no   (U+2009) in font cmr10!
Missing character: There is no   (U+2009) in font cmr10!
Missing character: There is no   (U+2009) in font cmr10!
Missing character: There is no   (U+2009) in font cmr10!
LaTeX Info: Redefining \. on input line 476.
LaTeX Info: Redefining \% on input line 476.
 [26]
LaTeX Info: Redefining \. on input line 529.
LaTeX Info: Redefining \% on input line 529.
 [27]
LaTeX Info: Redefining \. on input line 590.
LaTeX Info: Redefining \% on input line 590.
 [28]
LaTeX Info: Redefining \. on input line 660.
LaTeX Info: Redefining \% on input line 660.
 [29]
Overfull \hbox (7.35043pt too wide) in paragraph at lines 689--698
[]\TU/lmr/m/n/10 Por el prin-ci-pio de sus-ti-tu-ción, hay un úni-co ho-mo-mo
r-fis-mo $\OML/cmm/m/it/10 g [] [] R\OT1/cmr/m/n/10 [\OML/cmm/m/it/10 x\OT1/cmr
/m/n/10 ] \OMS/cmsy/m/n/10 !
 []

LaTeX Info: Redefining \. on input line 740.
LaTeX Info: Redefining \% on input line 740.
[30]
LaTeX Info: Redefining \. on input line 806.
LaTeX Info: Redefining \% on input line 806.
 [31]
LaTeX Info: Redefining \. on input line 875.
LaTeX Info: Redefining \% on input line 875.
 [32]
LaTeX Info: Redefining \. on input line 936.
LaTeX Info: Redefining \% on input line 936.
 [33]
LaTeX Info: Redefining \. on input line 995.
LaTeX Info: Redefining \% on input line 995.
 [34]
LaTeX Info: Redefining \. on input line 1068.
LaTeX Info: Redefining \% on input line 1068.
 [35]
LaTeX Info: Redefining \. on input line 1143.
LaTeX Info: Redefining \% on input line 1143.
 [36]
<static/images/gaussian_primes.png, id=142, 1204.5pt x 1204.5pt>
File: static/images/gaussian_primes.png Graphic file (type png)
<use static/images/gaussian_primes.png>
Package luatex.def Info: static/images/gaussian_primes.png  used on input line 1
184.
(luatex.def)             Requested size: 180.0pt x 179.98717pt.
LaTeX Info: Redefining \. on input line 1187.
LaTeX Info: Redefining \% on input line 1187.
 [37]
LaTeX Info: Redefining \. on input line 1234.
LaTeX Info: Redefining \% on input line 1234.
 [38<./static/images/gaussian_primes.png>]
<static/images/pythagorean.png, id=149, 187.71428pt x 149.38928pt>
File: static/images/pythagorean.png Graphic file (type png)
<use static/images/pythagorean.png>
Package luatex.def Info: static/images/pythagorean.png  used on input line 1277.

(luatex.def)             Requested size: 180.0pt x 143.25705pt.
LaTeX Info: Redefining \. on input line 1283.
LaTeX Info: Redefining \% on input line 1283.
 [39<./static/images/pythagorean.png>]
LaTeX Info: Redefining \. on input line 1338.
LaTeX Info: Redefining \% on input line 1338.
 [40]
LaTeX Info: Redefining \. on input line 1400.
LaTeX Info: Redefining \% on input line 1400.
 [41]
<static/images/Pythagorean_triple_scatterplot.png, id=161, 3770.60869pt x 3594.6
4696pt>
File: static/images/Pythagorean_triple_scatterplot.png Graphic file (type png)
<use static/images/Pythagorean_triple_scatterplot.png>
Package luatex.def Info: static/images/Pythagorean_triple_scatterplot.png  used 
on input line 1432.
(luatex.def)             Requested size: 180.0pt x 171.57025pt.
)
(./hugotopdf/outputs/modules/_index.tex
LaTeX Info: Redefining \. on input line 10.
LaTeX Info: Redefining \% on input line 10.
 [42<./static/images/Pythagorean_triple_scatterplot.png>]
LaTeX Info: Redefining \. on input line 80.
LaTeX Info: Redefining \% on input line 80.
 [43]
Overfull \hbox (10.1702pt too wide) in paragraph at lines 107--108
[]\TU/lmr/bx/n/10 Pro-po-si-ción 2.0.1.6. \TU/lmr/m/it/10 To-do gru-po abe-lia
no $\OML/cmm/m/it/10 A$ \TU/lmr/m/it/10 po-see una úni-ca es-truc-tu-ra de $\U
/msb/m/n/10 Z$\TU/lmr/m/it/10 -módulo. 
 []

LaTeX Info: Redefining \. on input line 150.
LaTeX Info: Redefining \% on input line 150.
[44]
LaTeX Info: Redefining \. on input line 201.
LaTeX Info: Redefining \% on input line 201.
 [45]
LaTeX Info: Redefining \. on input line 267.
LaTeX Info: Redefining \% on input line 267.
 [46]
LaTeX Info: Redefining \. on input line 340.
LaTeX Info: Redefining \% on input line 340.
 [47]
LaTeX Info: Redefining \. on input line 413.
LaTeX Info: Redefining \% on input line 413.
 [48]
LaTeX Info: Redefining \. on input line 482.
LaTeX Info: Redefining \% on input line 482.
 [49]
LaTeX Info: Redefining \. on input line 546.
LaTeX Info: Redefining \% on input line 546.
 [50]
LaTeX Info: Redefining \. on input line 618.
LaTeX Info: Redefining \% on input line 618.
 [51]
LaTeX Info: Redefining \. on input line 676.
LaTeX Info: Redefining \% on input line 676.
 [52]
Overfull \hbox (2.55377pt too wide) in paragraph at lines 688--693
[]\TU/lmr/bx/n/10 Teo-re-ma 2.0.5.7. \TU/lmr/m/n/10 (Pri-mer Teo-re-ma de Iso-m
or-fía)[] \TU/lmr/m/it/10 Da-do un ho-mo-mor-fis-mo $\OML/cmm/m/it/10 f [] [] 
M \OMS/cmsy/m/n/10 !
 []

<static/images/isomorfiamodulos.png, id=198, 69.25874pt x 53.17868pt>
File: static/images/isomorfiamodulos.png Graphic file (type png)
<use static/images/isomorfiamodulos.png>
Package luatex.def Info: static/images/isomorfiamodulos.png  used on input line 
696.
(luatex.def)             Requested size: 180.0pt x 138.22559pt.
LaTeX Info: Redefining \. on input line 724.
LaTeX Info: Redefining \% on input line 724.
[53<./static/images/isomorfiamodulos.png>]
LaTeX Info: Redefining \. on input line 785.
LaTeX Info: Redefining \% on input line 785.
 [54]
Overfull \hbox (22.67337pt too wide) in paragraph at lines 826--828
\TU/lmr/bx/n/10 2.0.6. Ge-ne-ra-do-res y re-la-cio-nes.[] \TU/lmr/m/n/10 Su-pon
-ga-mos que desea-mos cons-truir un $\U/msb/m/n/10 Z$\TU/lmr/m/n/10 -módulo
 []

LaTeX Info: Redefining \. on input line 841.
LaTeX Info: Redefining \% on input line 841.
[55]
LaTeX Info: Redefining \. on input line 894.
LaTeX Info: Redefining \% on input line 894.
 [56]
LaTeX Info: Redefining \. on input line 951.
LaTeX Info: Redefining \% on input line 951.
 [57]
LaTeX Info: Redefining \. on input line 1026.
LaTeX Info: Redefining \% on input line 1026.
 [58]
LaTeX Info: Redefining \. on input line 1077.
LaTeX Info: Redefining \% on input line 1077.
 [59]
LaTeX Info: Redefining \. on input line 1138.
LaTeX Info: Redefining \% on input line 1138.
 [60]
LaTeX Info: Redefining \. on input line 1205.
LaTeX Info: Redefining \% on input line 1205.
 [61]
<static/images/libres.png, id=228, 63.23625pt x 47.15617pt>
File: static/images/libres.png Graphic file (type png)
<use static/images/libres.png>
Package luatex.def Info: static/images/libres.png  used on input line 1237.
(luatex.def)             Requested size: 180.0pt x 134.23164pt.

Underfull \hbox (badness 10000) in paragraph at lines 1241--1245

 []

LaTeX Info: Redefining \. on input line 1250.
LaTeX Info: Redefining \% on input line 1250.
[62<./static/images/libres.png>]
Overfull \hbox (10.21686pt too wide) in paragraph at lines 1289--1292
[]\TU/lmr/m/it/10 Ob-ser-va-ción \TU/lmr/m/n/10 2.0.8.2\TU/lmr/m/it/10 . \TU/l
mr/m/n/10 Es-te pri-mer teo-re-ma de es-truc-tu-ra de-mues-tra que to-do $\OML/
cmm/m/it/10 R$\TU/lmr/m/n/10 -módulo
 []

LaTeX Info: Redefining \. on input line 1302.
LaTeX Info: Redefining \% on input line 1302.
[63]
LaTeX Info: Redefining \. on input line 1370.
LaTeX Info: Redefining \% on input line 1370.
 [64]
LaTeX Info: Redefining \. on input line 1426.
LaTeX Info: Redefining \% on input line 1426.
 [65]
LaTeX Info: Redefining \. on input line 1474.
LaTeX Info: Redefining \% on input line 1474.
 [66]
LaTeX Info: Redefining \. on input line 1530.
LaTeX Info: Redefining \% on input line 1530.
 [67]
LaTeX Info: Redefining \. on input line 1586.
LaTeX Info: Redefining \% on input line 1586.
 [68]
LaTeX Info: Redefining \. on input line 1629.
LaTeX Info: Redefining \% on input line 1629.
 [69]
LaTeX Info: Redefining \. on input line 1683.
LaTeX Info: Redefining \% on input line 1683.
 [70]
<static/images/jordanblock.png, id=259, 52.21507pt x 36.135pt>
File: static/images/jordanblock.png Graphic file (type png)
<use static/images/jordanblock.png>
Package luatex.def Info: static/images/jordanblock.png  used on input line 1734.

(luatex.def)             Requested size: 180.0pt x 124.59521pt.

Underfull \vbox (badness 1424) has occurred while \output is active []

LaTeX Info: Redefining \. on input line 1737.
LaTeX Info: Redefining \% on input line 1737.
 [71]
<static/images/jordanmatrix.png, id=264, 139.54132pt x 109.42882pt>
File: static/images/jordanmatrix.png Graphic file (type png)
<use static/images/jordanmatrix.png>
Package luatex.def Info: static/images/jordanmatrix.png  used on input line 1778
.
(luatex.def)             Requested size: 180.0pt x 141.1654pt.
LaTeX Info: Redefining \. on input line 1780.
LaTeX Info: Redefining \% on input line 1780.

[72<./static/images/jordanblock.png>]) (./hugotopdf/outputs/fields/_index.tex
LaTeX Info: Redefining \. on input line 28.
LaTeX Info: Redefining \% on input line 28.

[73<./static/images/jordanmatrix.png>])
(./hugotopdf/outputs/fields/extensions.tex
LaTeX Info: Redefining \. on input line 53.
LaTeX Info: Redefining \% on input line 53.
 [74]
LaTeX Info: Redefining \. on input line 113.
LaTeX Info: Redefining \% on input line 113.
 [75]
LaTeX Info: Redefining \. on input line 178.
LaTeX Info: Redefining \% on input line 178.
 [76]
LaTeX Info: Redefining \. on input line 253.
LaTeX Info: Redefining \% on input line 253.
 [77]
LaTeX Info: Redefining \. on input line 314.
LaTeX Info: Redefining \% on input line 314.
 [78]
Overfull \hbox (10.37108pt too wide) in paragraph at lines 358--360
[]\TU/lmr/bx/n/10 Co-ro-la-rio 3.1.1.29. \TU/lmr/m/it/10 Da-da una ex-ten-sión
 $\OML/cmm/m/it/10 F \OMS/cmsy/m/n/10  \OML/cmm/m/it/10 K$ \TU/lmr/m/it/10 y e
le-men-tos al-ge-brai-cos $\OML/cmm/m/it/10 []; [] ; [] \OMS/cmsy/m/n/10 2
 []

LaTeX Info: Redefining \. on input line 378.
LaTeX Info: Redefining \% on input line 378.
[79]
LaTeX Info: Redefining \. on input line 446.
LaTeX Info: Redefining \% on input line 446.
 [80]
Overfull \hbox (2.32173pt too wide) in paragraph at lines 508--515
\TU/lmr/m/n/10 pec-ti-va-men-te. Su-pon-ga-mos que sus gra-dos res-pec-ti-vos s
on $\OML/cmm/m/it/10 m; n \OMS/cmsy/m/n/10  \OT1/cmr/m/n/10 1$\TU/lmr/m/n/10 .
 Sean $\OML/cmm/m/it/10 []; [] ; []$
 []

LaTeX Info: Redefining \. on input line 518.
LaTeX Info: Redefining \% on input line 518.
[81]
<static/images/constructible-11.png, id=298, 44.14493pt x 13.06883pt>
File: static/images/constructible-11.png Graphic file (type png)
<use static/images/constructible-11.png>
Package luatex.def Info: static/images/constructible-11.png  used on input line 
586.
(luatex.def)             Requested size: 180.0pt x 53.29276pt.
LaTeX Info: Redefining \. on input line 594.
LaTeX Info: Redefining \% on input line 594.
 [82<./static/images/constructible-11.png>]
<static/images/constructible-12.png, id=303, 91.36133pt x 46.19258pt>
File: static/images/constructible-12.png Graphic file (type png)
<use static/images/constructible-12.png>
Package luatex.def Info: static/images/constructible-12.png  used on input line 
598.
(luatex.def)             Requested size: 180.0pt x 91.00974pt.
<static/images/constructible-13.png, id=304, 58.23758pt x 58.23758pt>
File: static/images/constructible-13.png Graphic file (type png)
<use static/images/constructible-13.png>
Package luatex.def Info: static/images/constructible-13.png  used on input line 
611.
(luatex.def)             Requested size: 180.0pt x 180.00937pt.
<static/images/constructible-14.png, id=305, 64.26007pt x 65.22368pt>
File: static/images/constructible-14.png Graphic file (type png)
<use static/images/constructible-14.png>
Package luatex.def Info: static/images/constructible-14.png  used on input line 
623.
(luatex.def)             Requested size: 180.0pt x 182.72655pt.

Underfull \vbox (badness 10000) has occurred while \output is active []

LaTeX Info: Redefining \. on input line 626.
LaTeX Info: Redefining \% on input line 626.
 [83<./static/images/constructible-12.png><./static/images/constructible-13.png>
]
<static/images/constructible-16.png, id=311, 86.30243pt x 58.23758pt>
File: static/images/constructible-16.png Graphic file (type png)
<use static/images/constructible-16.png>
Package luatex.def Info: static/images/constructible-16.png  used on input line 
635.
(luatex.def)             Requested size: 180.0pt x 121.47249pt.
<static/images/constructible-15.png, id=312, 84.315pt x 58.23758pt>
File: static/images/constructible-15.png Graphic file (type png)
<use static/images/constructible-15.png>
Package luatex.def Info: static/images/constructible-15.png  used on input line 
648.
(luatex.def)             Requested size: 180.0pt x 124.3312pt.
LaTeX Info: Redefining \. on input line 655.
LaTeX Info: Redefining \% on input line 655.
 [84<./static/images/constructible-14.png><./static/images/constructible-16.png>
<./static/images/constructible-15.png>]
<static/images/constructible-17.png, id=319, 199.76633pt x 142.55258pt>
File: static/images/constructible-17.png Graphic file (type png)
<use static/images/constructible-17.png>
Package luatex.def Info: static/images/constructible-17.png  used on input line 
667.
(luatex.def)             Requested size: 180.0pt x 128.4462pt.
<static/images/constructible-0.png, id=320, 199.76633pt x 142.55258pt>
File: static/images/constructible-0.png Graphic file (type png)
<use static/images/constructible-0.png>
Package luatex.def Info: static/images/constructible-0.png  used on input line 6
80.
(luatex.def)             Requested size: 180.0pt x 128.4462pt.
<static/images/constructible-18.png, id=321, 185.67368pt x 156.585pt>
File: static/images/constructible-18.png Graphic file (type png)
<use static/images/constructible-18.png>
Package luatex.def Info: static/images/constructible-18.png  used on input line 
686.
(luatex.def)             Requested size: 180.0pt x 151.80124pt.

Underfull \vbox (badness 10000) has occurred while \output is active []

LaTeX Info: Redefining \. on input line 689.
LaTeX Info: Redefining \% on input line 689.
 [85<./static/images/constructible-17.png><./static/images/constructible-0.png>]
<static/images/constructible-1.png, id=327, 142.55258pt x 86.30243pt>
File: static/images/constructible-1.png Graphic file (type png)
<use static/images/constructible-1.png>
Package luatex.def Info: static/images/constructible-1.png  used on input line 6
99.
(luatex.def)             Requested size: 180.0pt x 108.97733pt.
<static/images/constructible-2.png, id=328, 189.70876pt x 155.56117pt>
File: static/images/constructible-2.png Graphic file (type png)
<use static/images/constructible-2.png>
Package luatex.def Info: static/images/constructible-2.png  used on input line 7
13.
(luatex.def)             Requested size: 180.0pt x 147.60185pt.
LaTeX Info: Redefining \. on input line 719.
LaTeX Info: Redefining \% on input line 719.
 [86<./static/images/constructible-18.png><./static/images/constructible-1.png><
./static/images/constructible-2.png>]
<static/images/constructible-3.png, id=335, 171.64125pt x 128.45993pt>
File: static/images/constructible-3.png Graphic file (type png)
<use static/images/constructible-3.png>
Package luatex.def Info: static/images/constructible-3.png  used on input line 7
29.
(luatex.def)             Requested size: 180.0pt x 134.7144pt.
<static/images/constructible-4.png, id=336, 213.79875pt x 27.10126pt>
File: static/images/constructible-4.png Graphic file (type png)
<use static/images/constructible-4.png>
Package luatex.def Info: static/images/constructible-4.png  used on input line 7
53.
(luatex.def)             Requested size: 180.0pt x 22.81699pt.
<static/images/constructible-5.png, id=337, 213.79875pt x 25.11383pt>
File: static/images/constructible-5.png Graphic file (type png)
<use static/images/constructible-5.png>
Package luatex.def Info: static/images/constructible-5.png  used on input line 7
59.
(luatex.def)             Requested size: 180.0pt x 21.14374pt.
<static/images/constructible-6.png, id=338, 213.79875pt x 105.39375pt>
File: static/images/constructible-6.png Graphic file (type png)
<use static/images/constructible-6.png>
Package luatex.def Info: static/images/constructible-6.png  used on input line 7
75.
(luatex.def)             Requested size: 180.0pt x 88.73276pt.
LaTeX Info: Redefining \. on input line 777.
LaTeX Info: Redefining \% on input line 777.
 [87<./static/images/constructible-3.png><./static/images/constructible-4.png><.
/static/images/constructible-5.png>]
<static/images/constructible-7.png, id=345, 213.79875pt x 103.40633pt>
File: static/images/constructible-7.png Graphic file (type png)
<use static/images/constructible-7.png>
Package luatex.def Info: static/images/constructible-7.png  used on input line 7
90.
(luatex.def)             Requested size: 180.0pt x 87.05952pt.
<static/images/constructible-8.png, id=346, 222.8325pt x 148.57507pt>
File: static/images/constructible-8.png Graphic file (type png)
<use static/images/constructible-8.png>
Package luatex.def Info: static/images/constructible-8.png  used on input line 8
19.
(luatex.def)             Requested size: 180.0pt x 120.01642pt.
LaTeX Info: Redefining \. on input line 822.
LaTeX Info: Redefining \% on input line 822.
 [88<./static/images/constructible-6.png><./static/images/constructible-7.png>]
LaTeX Info: Redefining \. on input line 877.
LaTeX Info: Redefining \% on input line 877.
 [89<./static/images/constructible-8.png>]
<static/images/constructible-9.png, id=356, 159.59625pt x 159.59625pt>
File: static/images/constructible-9.png Graphic file (type png)
<use static/images/constructible-9.png>
Package luatex.def Info: static/images/constructible-9.png  used on input line 9
43.
(luatex.def)             Requested size: 180.0pt x 180.0007pt.
LaTeX Info: Redefining \. on input line 946.
LaTeX Info: Redefining \% on input line 946.
 [90]
Missing character: There is no º (U+00BA) in font cmmi10!
Missing character: There is no º (U+00BA) in font cmmi10!
Missing character: There is no º (U+00BA) in font cmmi10!
Missing character: There is no º (U+00BA) in font cmmi10!
Missing character: There is no º (U+00BA) in font cmmi10!
Missing character: There is no º (U+00BA) in font cmmi10!
LaTeX Info: Redefining \. on input line 994.
LaTeX Info: Redefining \% on input line 994.
 [91<./static/images/constructible-9.png>]

! LaTeX Error: Unknown graphics extension: .gif.

See the LaTeX manual or LaTeX Companion for explanation.
Type  H <return>  for immediate help.
 ...                                              
                                                  
l.1044 ...ic/images/HeptadecagonConstructionAni.gif}
                                                  
? 
) (./hugotopdf/outputs/fields/Galois.tex
LaTeX Info: Redefining \. on input line 9.
LaTeX Info: Redefining \% on input line 9.
 [92]
LaTeX Info: Redefining \. on input line 70.
LaTeX Info: Redefining \% on input line 70.
 [93]
LaTeX Info: Redefining \. on input line 142.
LaTeX Info: Redefining \% on input line 142.
 [94]
LaTeX Info: Redefining \. on input line 208.
LaTeX Info: Redefining \% on input line 208.
 [95]
Overfull \hbox (14.69933pt too wide) in paragraph at lines 224--227
[]\TU/lmr/bx/n/10 De-fi-ni-ción 3.2.2.1. \TU/lmr/m/n/10 Da-do un ani-llo $\OML
/cmm/m/it/10 R$\TU/lmr/m/n/10 , un po-li-no-mio $\OML/cmm/m/it/10 f \OT1/cmr/m/
n/10 = \OML/cmm/m/it/10 f\OT1/cmr/m/n/10 (\OML/cmm/m/it/10 u[]; [] ; u[]\OT1/cm
r/m/n/10 ) \OMS/cmsy/m/n/10 2 \OML/cmm/m/it/10 R\OT1/cmr/m/n/10 [\OML/cmm/m/it/
10 u[]; [] ; u[]\OT1/cmr/m/n/10 ]$
 []

LaTeX Info: Redefining \. on input line 264.
LaTeX Info: Redefining \% on input line 264.
[96]
LaTeX Info: Redefining \. on input line 318.
LaTeX Info: Redefining \% on input line 318.
 [97]
Overfull \hbox (9.83525pt too wide) in paragraph at lines 362--367
\TU/lmr/m/n/10 y $\OML/cmm/m/it/10 \OT1/cmr/m/n/10 (\OML/cmm/m/it/10 \OT1/cmr
/m/n/10 (\OML/cmm/m/it/10 p[]\OT1/cmr/m/n/10 )) = (\OML/cmm/m/it/10 \OT1/cmr/
m/n/10 )(\OML/cmm/m/it/10 p[]\OT1/cmr/m/n/10 ) \OMS/cmsy/m/n/10 2 \OML/cmm/m/it
/10 S$\TU/lmr/m/n/10 , de-du-ci-mos que $\OML/cmm/m/it/10 \OT1/cmr/m/n/10 (\OM
L/cmm/m/it/10 S\OT1/cmr/m/n/10 ) \OMS/cmsy/m/n/10  \OML/cmm/m/it/10 S$\TU/lmr/
m/n/10 . Es más, co-mo $\OML/cmm/m/it/10  [] [] R\OT1/cmr/m/n/10 [\OML/cmm/m/
it/10 u[]; [] ; u[]\OT1/cmr/m/n/10 ] \OMS/cmsy/m/n/10 !
 []

LaTeX Info: Redefining \. on input line 375.
LaTeX Info: Redefining \% on input line 375.
[98]
LaTeX Info: Redefining \. on input line 438.
LaTeX Info: Redefining \% on input line 438.
 [99]
LaTeX Info: Redefining \. on input line 508.
LaTeX Info: Redefining \% on input line 508.
 [100]
LaTeX Info: Redefining \. on input line 582.
LaTeX Info: Redefining \% on input line 582.
 [101]
LaTeX Info: Redefining \. on input line 653.
LaTeX Info: Redefining \% on input line 653.
 [102]
LaTeX Info: Redefining \. on input line 707.
LaTeX Info: Redefining \% on input line 707.
 [103]
LaTeX Info: Redefining \. on input line 761.
LaTeX Info: Redefining \% on input line 761.
 [104]
LaTeX Info: Redefining \. on input line 809.
LaTeX Info: Redefining \% on input line 809.
 [105]
LaTeX Info: Redefining \. on input line 872.
LaTeX Info: Redefining \% on input line 872.
 [106]
LaTeX Info: Redefining \. on input line 935.
LaTeX Info: Redefining \% on input line 935.
 [107]

LaTeX Warning: Command \= invalid in math mode on input line 988.

Missing character: There is no ̄ (U+0304) in font cmmi10!
Missing character: There is no ̄ (U+0304) in font cmmi10!
LaTeX Info: Redefining \. on input line 997.
LaTeX Info: Redefining \% on input line 997.
[108])(load luc: /home/fernando/.texlive2017/texmf-var/luatex-cache/generic/font
s/otl/lmroman8-italic.luc)
Package atveryend Info: Empty hook `BeforeClearDocument' on input line 95.
LaTeX Info: Redefining \. on input line 95.
LaTeX Info: Redefining \% on input line 95.
 [109]
Package atveryend Info: Empty hook `AfterLastShipout' on input line 95.
 (./static/docs/latex.aux
LaTeX Info: Redefining \. on input line 23.
LaTeX Info: Redefining \% on input line 23.
)
Package atveryend Info: Executing hook `AtVeryEndDocument' on input line 95.
Package atveryend Info: Empty hook `AtEndAfterFileList' on input line 95.


LaTeX Warning: There were multiply-defined labels.

Package atveryend Info: Empty hook `AtVeryVeryEnd' on input line 95.
)

Here is how much of LuaTeX's memory you used:
 7993 strings out of 494480
 100000,266212 words of node,token memory allocated
 2294 words of node memory still in use:
   6 hlist, 2 vlist, 2 rule, 4 glue, 1 kern, 459 attribute, 54 glue_spec, 459 at
tribute_list, 1 write nodes
   avail lists: 2:624,3:202,4:39,5:341,6:3169,7:1526,8:81,9:506,10:25,11:477
 11621 multiletter control sequences out of 65536+600000
 60 fonts using 4343111 bytes
 34i,14n,31p,395b,624s stack positions out of 5000i,500n,10000p,200000b,100000s
</usr/share/texmf/fonts/opentype/public/lm/lmroman8-italic.otf></usr/share/texmf
/fonts/opentype/public/lm/lmroman10-bolditalic.otf></usr/share/texmf/fonts/opent
ype/public/lm/lmroman10-italic.otf></usr/share/texmf/fonts/opentype/public/lm/lm
roman7-regular.otf></usr/share/texmf/fonts/opentype/public/lm/lmroman10-regular.
otf></usr/share/texmf/fonts/opentype/public/lm/lmmono8-regular.otf></usr/share/t
exmf/fonts/opentype/public/lm/lmromancaps10-regular.otf></usr/share/texmf/fonts/
opentype/public/lm/lmroman8-regular.otf></usr/share/texmf/fonts/opentype/public/
lm/lmroman10-bold.otf></usr/share/texlive/texmf-dist/fonts/type1/public/amsfonts
/cm/cmbx10.pfb></usr/share/texlive/texmf-dist/fonts/type1/public/amsfonts/cm/cmb
x7.pfb></usr/share/texlive/texmf-dist/fonts/type1/public/amsfonts/cm/cmex10.pfb>
</usr/share/texlive/texmf-dist/fonts/type1/public/amsfonts/cmextra/cmex7.pfb></u
sr/share/texlive/texmf-dist/fonts/type1/public/amsfonts/cm/cmmi10.pfb></usr/shar
e/texlive/texmf-dist/fonts/type1/public/amsfonts/cm/cmmi5.pfb></usr/share/texliv
e/texmf-dist/fonts/type1/public/amsfonts/cm/cmmi7.pfb></usr/share/texlive/texmf-
dist/fonts/type1/public/amsfonts/cm/cmr10.pfb></usr/share/texlive/texmf-dist/fon
ts/type1/public/amsfonts/cm/cmr5.pfb></usr/share/texlive/texmf-dist/fonts/type1/
public/amsfonts/cm/cmr7.pfb></usr/share/texlive/texmf-dist/fonts/type1/public/am
sfonts/cm/cmsy10.pfb></usr/share/texlive/texmf-dist/fonts/type1/public/amsfonts/
cm/cmsy5.pfb></usr/share/texlive/texmf-dist/fonts/type1/public/amsfonts/cm/cmsy7
.pfb></usr/share/texlive/texmf-dist/fonts/type1/public/amsfonts/symbols/msam10.p
fb></usr/share/texlive/texmf-dist/fonts/type1/public/amsfonts/symbols/msbm10.pfb
></usr/share/texlive/texmf-dist/fonts/type1/public/amsfonts/symbols/msbm5.pfb></
usr/share/texlive/texmf-dist/fonts/type1/public/amsfonts/symbols/msbm7.pfb>
Output written on static/docs/latex.pdf (109 pages, 2415027 bytes).

PDF statistics: 534 PDF objects out of 1000 (max. 8388607)
 320 compressed objects within 4 object streams
 0 named destinations out of 1000 (max. 131072)
 1 words of extra memory for PDF output out of 10000 (max. 100000000)

