\BOOKMARK [0][-]{part.1}{Parte 1. Anillos}{}% 1
\BOOKMARK [1][-]{section.1.1}{1.1. Definiciones}{part.1}% 2
\BOOKMARK [2][-]{subsection.1.1.1}{1.1.1. Ejemplos}{section.1.1}% 3
\BOOKMARK [2][-]{subsection.1.1.2}{1.1.2. Definición}{section.1.1}% 4
\BOOKMARK [2][-]{subsection.1.1.3}{1.1.3. Homomorfismos}{section.1.1}% 5
\BOOKMARK [2][-]{subsection.1.1.4}{1.1.4. Ideales}{section.1.1}% 6
\BOOKMARK [2][-]{subsection.1.1.5}{1.1.5. Cocientes}{section.1.1}% 7
\BOOKMARK [2][-]{subsection.1.1.6}{1.1.6. Añadir elementos a un anillo}{section.1.1}% 8
\BOOKMARK [2][-]{subsection.1.1.7}{1.1.7. Dominios y fracciones}{section.1.1}% 9
\BOOKMARK [1][-]{section.1.2}{1.2. Factorización}{part.1}% 10
\BOOKMARK [2][-]{subsection.1.2.1}{1.2.1. Divisores}{section.1.2}% 11
\BOOKMARK [2][-]{subsection.1.2.2}{1.2.2. Factorizaciones}{section.1.2}% 12
\BOOKMARK [2][-]{subsection.1.2.3}{1.2.3. Polinomios}{section.1.2}% 13
\BOOKMARK [2][-]{subsection.1.2.4}{1.2.4. Enteros de Gauss}{section.1.2}% 14
\BOOKMARK [2][-]{subsection.1.2.5}{1.2.5. Ecuaciones diofánticas}{section.1.2}% 15
\BOOKMARK [0][-]{part.2}{Parte 2. Módulos}{}% 16
\BOOKMARK [1][-]{subsection.2.0.1}{2.0.1. Definición}{part.2}% 17
\BOOKMARK [2][-]{subsection.2.0.2}{2.0.2. Homomorfismos}{subsection.2.0.1}% 18
\BOOKMARK [2][-]{subsection.2.0.3}{2.0.3. Módulos libres}{subsection.2.0.1}% 19
\BOOKMARK [2][-]{subsection.2.0.4}{2.0.4. Torsión}{subsection.2.0.1}% 20
\BOOKMARK [2][-]{subsection.2.0.5}{2.0.5. Cocientes}{subsection.2.0.1}% 21
\BOOKMARK [2][-]{subsection.2.0.6}{2.0.6. Generadores y relaciones}{subsection.2.0.1}% 22
\BOOKMARK [2][-]{subsection.2.0.7}{2.0.7. Forma normal de Smith}{subsection.2.0.1}% 23
\BOOKMARK [2][-]{subsection.2.0.8}{2.0.8. Teoremas de estructura}{subsection.2.0.1}% 24
\BOOKMARK [2][-]{subsection.2.0.9}{2.0.9. Sistemas de ecuaciones lineales diofánticas}{subsection.2.0.1}% 25
\BOOKMARK [2][-]{subsection.2.0.10}{2.0.10. Operadores lineales}{subsection.2.0.1}% 26
\BOOKMARK [0][-]{part.3}{Parte 3. Cuerpos}{}% 27
\BOOKMARK [1][-]{section.3.1}{3.1. Extensiones}{part.3}% 28
\BOOKMARK [2][-]{subsection.3.1.1}{3.1.1. Extensiones de cuerpos}{section.3.1}% 29
\BOOKMARK [2][-]{subsection.3.1.2}{3.1.2. Elementos primitivos}{section.3.1}% 30
\BOOKMARK [2][-]{subsection.3.1.3}{3.1.3. Construcciones con regla y compás}{section.3.1}% 31
\BOOKMARK [1][-]{section.3.2}{3.2. Teoría de Galois}{part.3}% 32
\BOOKMARK [2][-]{subsection.3.2.1}{3.2.1. El grupo de Galois}{section.3.2}% 33
\BOOKMARK [2][-]{subsection.3.2.2}{3.2.2. Funciones simétricas}{section.3.2}% 34
\BOOKMARK [2][-]{subsection.3.2.3}{3.2.3. Extensiones de Galois}{section.3.2}% 35
\BOOKMARK [2][-]{subsection.3.2.4}{3.2.4. Extensiones ciclotómicas}{section.3.2}% 36
\BOOKMARK [2][-]{subsection.3.2.5}{3.2.5. Extensiones de Kummer}{section.3.2}% 37
\BOOKMARK [2][-]{subsection.3.2.6}{3.2.6. Solubilidad por radicales}{section.3.2}% 38
